<?xml version="1.0" encoding="UTF-8"?>
<!-- Generated by org.testng.reporters.JUnitXMLReporter -->
<testsuite ignored="6" hostname="DESKTOP-1PBA745" failures="1" tests="2" name="Test(failed)(failed)" time="1.143" errors="0" timestamp="2021-12-02T21:04:18 IST">
  <testcase classname="TestNgXMLStudy.failedtestcasessample" name="tC4" time="0.015"/>
  <testcase classname="TestNgXMLStudy.FailedTestcases" name="tC2" time="1.029">
    <failure type="org.testng.internal.thread.ThreadTimeoutException" message="Method TestNgXMLStudy.FailedTestcases.tC2() didn&amp;apos;t finish within the time-out 1000">
      <![CDATA[org.testng.internal.thread.ThreadTimeoutException: Method TestNgXMLStudy.FailedTestcases.tC2() didn't finish within the time-out 1000
at java.base/java.util.ArrayList.forEach(ArrayList.java:1511)
... Removed 24 stack frames]]>
    </failure>
  </testcase> <!-- tC2 -->
  <testcase classname="TestNgXMLStudy.FailedTestcases" name="tC1" time="0.0">
    <ignored/>
  </testcase> <!-- tC1 -->
  <testcase classname="TestNgXMLStudy.FailedTestcases" name="tC3" time="0.0">
    <ignored/>
  </testcase> <!-- tC3 -->
  <testcase classname="TestNgXMLStudy.FailedTestcases" name="tC4" time="0.0">
    <ignored/>
  </testcase> <!-- tC4 -->
  <testcase classname="TestNgXMLStudy.failedtestcasessample" name="tC2" time="0.0">
    <ignored/>
  </testcase> <!-- tC2 -->
  <testcase classname="TestNgXMLStudy.failedtestcasessample" name="tC1" time="0.0">
    <ignored/>
  </testcase> <!-- tC1 -->
  <testcase classname="TestNgXMLStudy.failedtestcasessample" name="tC3" time="0.0">
    <ignored/>
  </testcase> <!-- tC3 -->
</testsuite> <!-- Test(failed)(failed) -->
