<?xml version="1.0" encoding="UTF-8"?>
<!-- Generated by org.testng.reporters.JUnitXMLReporter -->
<testsuite ignored="0" hostname="DESKTOP-1PBA745" failures="3" tests="6" name="Test" time="0.148" errors="0" timestamp="2021-12-08T10:02:17 IST">
  <testcase classname="Listener_Study.test1234" name="TC1" time="0.017"/>
  <testcase classname="Listener_Study.test1234" name="TC2" time="0.003"/>
  <testcase classname="Listener_Study.test1234" name="TC3" time="0.007">
    <failure type="java.lang.AssertionError" message="null">
      <![CDATA[java.lang.AssertionError: null
at Listener_Study.test1234.TC3(test1234.java:21)
at java.base/java.util.ArrayList.forEach(ArrayList.java:1511)
... Removed 29 stack frames]]>
    </failure>
  </testcase> <!-- TC3 -->
  <testcase classname="Listener_Study.test567" name="TC5" time="0.004"/>
  <testcase classname="Listener_Study.test567" name="TC6" time="0.002">
    <failure type="java.lang.AssertionError" message="null">
      <![CDATA[java.lang.AssertionError: null
at Listener_Study.test567.TC6(test567.java:15)
at java.base/java.util.ArrayList.forEach(ArrayList.java:1511)
... Removed 29 stack frames]]>
    </failure>
  </testcase> <!-- TC6 -->
  <testcase classname="Listener_Study.test567" name="TC7" time="0.003">
    <failure type="java.lang.AssertionError" message="null">
      <![CDATA[java.lang.AssertionError: null
at Listener_Study.test567.TC7(test567.java:20)
at java.base/java.util.ArrayList.forEach(ArrayList.java:1511)
... Removed 29 stack frames]]>
    </failure>
  </testcase> <!-- TC7 -->
</testsuite> <!-- Test -->
