<?xml version="1.0" encoding="UTF-8"?>
<testng-results ignored="0" total="0" passed="0" failed="0" skipped="0">
  <reporter-output>
  </reporter-output>
  <suite started-at="2021-12-11T06:17:29 GMT-08:00" name="Suite" finished-at="2021-12-11T06:17:29 GMT-08:00" duration-ms="22">
    <groups>
    </groups>
    <test started-at="2021-12-11T06:17:29 GMT-08:00" name="Test3" finished-at="2021-12-11T06:17:29 GMT-08:00" duration-ms="20">
    </test> <!-- Test3 -->
    <test started-at="2021-12-11T06:17:29 GMT-08:00" name="Test1" finished-at="2021-12-11T06:17:29 GMT-08:00" duration-ms="22">
    </test> <!-- Test1 -->
    <test started-at="2021-12-11T06:17:29 GMT-08:00" name="Test2" finished-at="2021-12-11T06:17:29 GMT-08:00" duration-ms="22">
    </test> <!-- Test2 -->
  </suite> <!-- Suite -->
</testng-results>
