<?xml version="1.0" encoding="UTF-8"?>
<!-- Generated by org.testng.reporters.JUnitXMLReporter -->
<testsuite ignored="3" hostname="DESKTOP-1PBA745" failures="0" tests="1" name="Test(failed)(failed)(failed)" time="0.59" errors="0" timestamp="2021-12-02T21:05:25 IST">
  <testcase classname="TestNgXMLStudy.FailedTestcases" name="tC2" time="0.526"/>
  <testcase classname="TestNgXMLStudy.FailedTestcases" name="tC1" time="0.0">
    <ignored/>
  </testcase> <!-- tC1 -->
  <testcase classname="TestNgXMLStudy.FailedTestcases" name="tC3" time="0.0">
    <ignored/>
  </testcase> <!-- tC3 -->
  <testcase classname="TestNgXMLStudy.FailedTestcases" name="tC4" time="0.0">
    <ignored/>
  </testcase> <!-- tC4 -->
</testsuite> <!-- Test(failed)(failed)(failed) -->
